2025-11-27 20:58:10 [INFO] axes.apps:53 AXES: BEGIN version 8.0.0, blocking by ip_address
2025-11-27 20:58:11 [INFO] axes.apps:53 AXES: BEGIN version 8.0.0, blocking by ip_address
2025-11-27 20:58:11 [INFO] django.utils.autoreload:667 Watching for file changes with StatReloader
2025-11-27 20:58:36 [INFO] django.server:213 "GET / HTTP/1.1" 200 23079
2025-11-27 20:58:36 [INFO] django.server:213 "GET /static/common/base.css HTTP/1.1" 304 0
2025-11-27 20:58:36 [WARNING] django.request:253 Not Found: /favicon.ico
2025-11-27 20:58:36 [WARNING] django.server:213 "GET /favicon.ico HTTP/1.1" 404 2668
2025-11-27 20:58:52 [WARNING] django.request:253 Not Found: /.well-known/appspecific/com.chrome.devtools.json
2025-11-27 20:58:52 [WARNING] django.server:213 "GET /.well-known/appspecific/com.chrome.devtools.json HTTP/1.1" 404 2779
2025-11-27 20:59:32 [INFO] django.server:213 "GET / HTTP/1.1" 200 22781
2025-11-27 20:59:32 [WARNING] django.request:253 Not Found: /.well-known/appspecific/com.chrome.devtools.json
2025-11-27 20:59:32 [WARNING] django.server:213 "GET /.well-known/appspecific/com.chrome.devtools.json HTTP/1.1" 404 2779
2025-11-27 20:59:36 [INFO] django.server:213 "GET / HTTP/1.1" 200 22781
2025-11-27 20:59:36 [WARNING] django.request:253 Not Found: /.well-known/appspecific/com.chrome.devtools.json
2025-11-27 20:59:36 [WARNING] django.server:213 "GET /.well-known/appspecific/com.chrome.devtools.json HTTP/1.1" 404 2779
2025-11-27 20:59:47 [INFO] django.server:213 "GET / HTTP/1.1" 200 22781
2025-11-27 20:59:47 [WARNING] django.request:253 Not Found: /.well-known/appspecific/com.chrome.devtools.json
2025-11-27 20:59:47 [WARNING] django.server:213 "GET /.well-known/appspecific/com.chrome.devtools.json HTTP/1.1" 404 2779
2025-11-27 20:59:47 [INFO] django.server:213 "GET / HTTP/1.1" 200 22781
2025-11-27 20:59:47 [WARNING] django.request:253 Not Found: /.well-known/appspecific/com.chrome.devtools.json
2025-11-27 20:59:47 [WARNING] django.server:213 "GET /.well-known/appspecific/com.chrome.devtools.json HTTP/1.1" 404 2779
2025-11-27 20:59:47 [INFO] django.server:213 "GET / HTTP/1.1" 200 22781
2025-11-27 20:59:47 [WARNING] django.request:253 Not Found: /.well-known/appspecific/com.chrome.devtools.json
2025-11-27 20:59:47 [WARNING] django.server:213 "GET /.well-known/appspecific/com.chrome.devtools.json HTTP/1.1" 404 2779
2025-11-27 20:59:48 [INFO] django.server:213 "GET / HTTP/1.1" 200 22781
2025-11-27 20:59:48 [WARNING] django.request:253 Not Found: /.well-known/appspecific/com.chrome.devtools.json
2025-11-27 20:59:48 [WARNING] django.server:213 "GET /.well-known/appspecific/com.chrome.devtools.json HTTP/1.1" 404 2779
2025-11-27 21:00:07 [INFO] django.server:213 "GET / HTTP/1.1" 200 22781
2025-11-27 21:00:20 [WARNING] django.request:253 Not Found: /.well-known/appspecific/com.chrome.devtools.json
2025-11-27 21:00:20 [WARNING] django.server:213 "GET /.well-known/appspecific/com.chrome.devtools.json HTTP/1.1" 404 2779
2025-11-27 21:01:11 [INFO] django.server:213 "GET / HTTP/1.1" 200 22781
2025-11-27 21:01:11 [WARNING] django.request:253 Not Found: /.well-known/appspecific/com.chrome.devtools.json
2025-11-27 21:01:11 [WARNING] django.server:213 "GET /.well-known/appspecific/com.chrome.devtools.json HTTP/1.1" 404 2779
2025-11-27 21:01:12 [INFO] django.server:213 "GET / HTTP/1.1" 200 22781
2025-11-27 21:01:12 [WARNING] django.request:253 Not Found: /.well-known/appspecific/com.chrome.devtools.json
2025-11-27 21:01:12 [WARNING] django.server:213 "GET /.well-known/appspecific/com.chrome.devtools.json HTTP/1.1" 404 2779
2025-11-27 21:01:13 [INFO] django.server:213 "GET / HTTP/1.1" 200 22781
2025-11-27 21:01:13 [WARNING] django.request:253 Not Found: /.well-known/appspecific/com.chrome.devtools.json
2025-11-27 21:01:13 [WARNING] django.server:213 "GET /.well-known/appspecific/com.chrome.devtools.json HTTP/1.1" 404 2779
2025-11-27 21:01:13 [INFO] django.server:213 "GET / HTTP/1.1" 200 22781
2025-11-27 21:01:13 [WARNING] django.request:253 Not Found: /.well-known/appspecific/com.chrome.devtools.json
2025-11-27 21:01:13 [WARNING] django.server:213 "GET /.well-known/appspecific/com.chrome.devtools.json HTTP/1.1" 404 2779
2025-11-27 21:01:15 [INFO] django.server:213 "GET / HTTP/1.1" 200 22781
2025-11-27 21:01:15 [WARNING] django.request:253 Not Found: /.well-known/appspecific/com.chrome.devtools.json
2025-11-27 21:01:15 [WARNING] django.server:213 "GET /.well-known/appspecific/com.chrome.devtools.json HTTP/1.1" 404 2779
2025-11-27 21:01:15 [INFO] django.server:213 "GET / HTTP/1.1" 200 22781
2025-11-27 21:01:15 [WARNING] django.request:253 Not Found: /.well-known/appspecific/com.chrome.devtools.json
2025-11-27 21:01:15 [WARNING] django.server:213 "GET /.well-known/appspecific/com.chrome.devtools.json HTTP/1.1" 404 2779
2025-11-27 21:01:16 [INFO] django.server:213 "GET / HTTP/1.1" 200 22781
2025-11-27 21:01:16 [WARNING] django.request:253 Not Found: /.well-known/appspecific/com.chrome.devtools.json
2025-11-27 21:01:16 [WARNING] django.server:213 "GET /.well-known/appspecific/com.chrome.devtools.json HTTP/1.1" 404 2779
2025-11-27 21:01:41 [INFO] django.server:213 "GET / HTTP/1.1" 200 22788
2025-11-27 21:01:41 [WARNING] django.request:253 Not Found: /.well-known/appspecific/com.chrome.devtools.json
2025-11-27 21:01:41 [WARNING] django.server:213 "GET /.well-known/appspecific/com.chrome.devtools.json HTTP/1.1" 404 2779
2025-11-27 21:01:41 [INFO] django.server:213 "GET /static/home/home%20copy.js HTTP/1.1" 200 3046
2025-11-27 21:01:45 [INFO] django.server:213 "GET /products/50/ HTTP/1.1" 200 7768
2025-11-27 21:01:45 [WARNING] django.request:253 Not Found: /.well-known/appspecific/com.chrome.devtools.json
2025-11-27 21:01:45 [WARNING] django.server:213 "GET /.well-known/appspecific/com.chrome.devtools.json HTTP/1.1" 404 2779
2025-11-27 21:01:54 [INFO] django.server:213 "GET / HTTP/1.1" 200 22788
2025-11-27 21:01:54 [WARNING] django.request:253 Not Found: /.well-known/appspecific/com.chrome.devtools.json
2025-11-27 21:01:54 [INFO] django.server:213 "GET /static/home/home%20copy.js HTTP/1.1" 304 0
2025-11-27 21:01:54 [WARNING] django.server:213 "GET /.well-known/appspecific/com.chrome.devtools.json HTTP/1.1" 404 2779
2025-11-27 21:02:39 [INFO] django.server:213 "GET / HTTP/1.1" 200 22789
2025-11-27 21:02:39 [WARNING] django.request:253 Not Found: /.well-known/appspecific/com.chrome.devtools.json
2025-11-27 21:02:39 [WARNING] django.server:213 "GET /.well-known/appspecific/com.chrome.devtools.json HTTP/1.1" 404 2779
2025-11-27 21:02:39 [INFO] django.server:213 "GET /static/home/home20251127.js HTTP/1.1" 200 3046
2025-11-27 21:02:53 [INFO] django.server:213 "GET /products/52/ HTTP/1.1" 200 7577
2025-11-27 21:02:53 [WARNING] django.request:253 Not Found: /.well-known/appspecific/com.chrome.devtools.json
2025-11-27 21:02:53 [WARNING] django.server:213 "GET /.well-known/appspecific/com.chrome.devtools.json HTTP/1.1" 404 2779
2025-11-27 21:02:55 [WARNING] django.request:253 Not Found: /.well-known/appspecific/com.chrome.devtools.json
2025-11-27 21:02:55 [WARNING] django.server:213 "GET /.well-known/appspecific/com.chrome.devtools.json HTTP/1.1" 404 2779
2025-11-27 21:02:55 [WARNING] django.request:253 Not Found: /.well-known/appspecific/com.chrome.devtools.json
2025-11-27 21:02:55 [WARNING] django.server:213 "GET /.well-known/appspecific/com.chrome.devtools.json HTTP/1.1" 404 2779
2025-11-27 21:02:56 [INFO] django.server:213 "GET /products/53/ HTTP/1.1" 200 5402
2025-11-27 21:02:56 [WARNING] django.request:253 Not Found: /.well-known/appspecific/com.chrome.devtools.json
2025-11-27 21:02:56 [WARNING] django.server:213 "GET /.well-known/appspecific/com.chrome.devtools.json HTTP/1.1" 404 2779
2025-11-27 21:02:57 [WARNING] django.request:253 Not Found: /.well-known/appspecific/com.chrome.devtools.json
2025-11-27 21:02:57 [WARNING] django.server:213 "GET /.well-known/appspecific/com.chrome.devtools.json HTTP/1.1" 404 2779
2025-11-27 21:02:57 [WARNING] django.request:253 Not Found: /.well-known/appspecific/com.chrome.devtools.json
2025-11-27 21:02:57 [WARNING] django.server:213 "GET /.well-known/appspecific/com.chrome.devtools.json HTTP/1.1" 404 2779
2025-11-27 21:04:18 [INFO] django.server:213 "GET /products/57/ HTTP/1.1" 200 6427
2025-11-27 21:04:38 [INFO] django.server:213 "GET / HTTP/1.1" 200 22789
2025-11-27 21:04:38 [INFO] django.server:213 "GET /static/home/home20251127.js HTTP/1.1" 304 0
2025-11-27 21:05:29 [INFO] django.server:213 "GET /products/50/ HTTP/1.1" 200 7768
2025-11-27 21:05:50 [INFO] django.server:213 "GET /products/50/ HTTP/1.1" 200 7768
2025-11-27 22:12:38 [INFO] django.utils.autoreload:265 /Users/neogueuli/Desktop/프로젝트/bijou/src/config/settings.py changed, reloading.
2025-11-27 22:12:39 [INFO] axes.apps:53 AXES: BEGIN version 8.0.0, blocking by ip_address
2025-11-27 22:12:39 [INFO] django.utils.autoreload:667 Watching for file changes with StatReloader
